<?xml version="1.0" encoding="UTF-8"?>
<!-- Generated by org.testng.reporters.JUnitReportReporter -->
<testsuite name="AllureDemo2" tests="1" time="0.002" ignored="0" failures="0" timestamp="29 十一月 2018 14:44:45 GMT" skipped="0" hostname="MacBook" errors="0">
  <testcase name="fun" time="0.002" classname="AllureDemo2"/>
</testsuite> <!-- AllureDemo2 -->
